<?xml version="1.0" encoding="UTF-8"?>
<!-- Generated by org.testng.reporters.JUnitXMLReporter -->
<testsuite hostname="Ty-Deepak-Tr" ignored="0" name="Test-Runner-2" tests="2" failures="0" timestamp="2021-03-09T17:55:49 IST" time="27.662" errors="0">
  <testcase name="createOrgtest" time="7.231" classname="com.crm.autodesk.organizationtest.CreateOrganization"/>
  <testcase name="createOrgtestWithIndustriesType" time="8.009" classname="com.crm.autodesk.organizationtest.CreateOrganization"/>
</testsuite> <!-- Test-Runner-2 -->
