<?xml version="1.0" encoding="UTF-8"?>
<!-- Generated by org.testng.reporters.JUnitXMLReporter -->
<testsuite hostname="Ty-Deepak-Tr" ignored="0" name="Test-Runner-1" tests="2" failures="0" timestamp="2021-03-09T17:55:21 IST" time="38.394" errors="0">
  <testcase name="cretecontact" time="10.717" classname="com.crm.autodesk.contacttest.CreateContact"/>
  <testcase name="cretecontactwithORg" time="16.413" classname="com.crm.autodesk.contacttest.CreateContact"/>
</testsuite> <!-- Test-Runner-1 -->
