<?xml version="1.0" encoding="UTF-8"?>
<!-- Generated by org.testng.reporters.JUnitReportReporter -->
<testsuite skipped="0" hostname="DESKTOP-GK61F68" name="com.crm.autodesk.contacttest.CreateContact" tests="1" failures="0" timestamp="2021-03-12T12:19:19 IST" time="19.326" errors="0">
  <testcase name="cretecontact" time="19.326" classname="com.crm.autodesk.contacttest.CreateContact"/>
  <system-out/>
</testsuite> <!-- com.crm.autodesk.contacttest.CreateContact -->
